<?xml version="1.0" encoding="UTF-8"?>
<testsuite name="ru.stqa.pft.art_team.tests.TestLogin" tests="2" skipped="0" failures="0" errors="0" timestamp="2021-10-08T13:40:06" hostname="ALESOVIKOVA" time="1.641">
  <properties/>
  <testcase name="test_login_incorrect_password" classname="ru.stqa.pft.art_team.tests.TestLogin" time="0.807"/>
  <testcase name="test_login_incorrect_username" classname="ru.stqa.pft.art_team.tests.TestLogin" time="0.694"/>
  <system-out><![CDATA[]]></system-out>
  <system-err><![CDATA[]]></system-err>
</testsuite>
