<?xml version="1.0" encoding="UTF-8"?>
<testsuite name="ru.stqa.pft.art_team.tests.TestLogin" tests="1" skipped="0" failures="0" errors="0" timestamp="2021-10-07T13:24:48" hostname="ALESOVIKOVA" time="0.895">
  <properties/>
  <testcase name="test_login_incorrect_username" classname="ru.stqa.pft.art_team.tests.TestLogin" time="0.895"/>
  <system-out><![CDATA[]]></system-out>
  <system-err><![CDATA[]]></system-err>
</testsuite>
